<?xml version="1.0" encoding="UTF-8"?>
<testng-results skipped="0" failed="0" ignored="0" total="1" passed="1">
  <reporter-output>
  </reporter-output>
  <suite name="Suite" duration-ms="15196" started-at="2020-04-23T00:47:29Z" finished-at="2020-04-23T00:47:44Z">
    <groups>
      <group name="cucumber">
        <method signature="AbstractTestNGCucumberTests.feature(cucumber.api.testng.CucumberFeatureWrapper)[pri:0, instance:Runner.TestRunner@91161c7]" name="feature" class="cucumber.api.testng.AbstractTestNGCucumberTests"/>
      </group> <!-- cucumber -->
    </groups>
    <test name="Test" duration-ms="15196" started-at="2020-04-23T00:47:29Z" finished-at="2020-04-23T00:47:44Z">
      <class name="Runner.TestRunner">
        <test-method status="PASS" signature="setUpClass()[pri:0, instance:Runner.TestRunner@91161c7]" name="setUpClass" is-config="true" duration-ms="175" started-at="2020-04-23T00:47:29Z" finished-at="2020-04-23T00:47:29Z">
          <reporter-output>
          </reporter-output>
        </test-method> <!-- setUpClass -->
        <test-method status="PASS" signature="feature(cucumber.api.testng.CucumberFeatureWrapper)[pri:0, instance:Runner.TestRunner@91161c7]" name="feature" duration-ms="14965" started-at="2020-04-23T00:47:29Z" description="Runs Cucumber Feature" data-provider="features" finished-at="2020-04-23T00:47:44Z">
          <params>
            <param index="0">
              <value>
                <![CDATA[Login function validation.]]>
              </value>
            </param>
          </params>
          <reporter-output>
          </reporter-output>
        </test-method> <!-- feature -->
        <test-method status="PASS" signature="tearDownClass()[pri:0, instance:Runner.TestRunner@91161c7]" name="tearDownClass" is-config="true" duration-ms="6" started-at="2020-04-23T00:47:44Z" finished-at="2020-04-23T00:47:44Z">
          <reporter-output>
          </reporter-output>
        </test-method> <!-- tearDownClass -->
      </class> <!-- Runner.TestRunner -->
    </test> <!-- Test -->
  </suite> <!-- Suite -->
</testng-results>
