<?xml version="1.0" encoding="UTF-8"?>
<testsuite xmlns:xsi="http://www.w3.org/2001/XMLSchema-instance" xsi:noNamespaceSchemaLocation="https://maven.apache.org/surefire/maven-surefire-plugin/xsd/surefire-test-report.xsd" name="TestSuite" time="150.233" tests="1" errors="0" skipped="0" failures="1">
  <properties>
[...]
</properties>
  <testcase name="feature" classname="Runner.TestRunner" time="149.506">
    <failure message="org.openqa.selenium.NoSuchElementException: no such element: Unable to locate element: {&quot;method&quot;:&quot;xpath&quot;,&quot;selector&quot;:&quot;//div/h1[contains (text() , &apos;Register&apos;)]&quot;}&#10;  (Session info: chrome=81.0.4044.122)&#10;For documentation on this error, please visit: https://www.seleniumhq.org/exceptions/no_such_element.html&#10;Build info: version: &apos;3.141.59&apos;, revision: &apos;e82be7d358&apos;, time: &apos;2018-11-14T08:17:03&apos;&#10;System info: host: &apos;DESKTOP-JJIP4FK&apos;, ip: &apos;10.0.0.3&apos;, os.name: &apos;Windows 10&apos;, os.arch: &apos;amd64&apos;, os.version: &apos;10.0&apos;, java.version: &apos;1.8.0_241&apos;&#10;Driver info: org.openqa.selenium.chrome.ChromeDriver&#10;Capabilities {acceptInsecureCerts: false, browserName: chrome, browserVersion: 81.0.4044.122, chrome: {chromedriverVersion: 81.0.4044.69 (6813546031a4b..., userDataDir: C:\Users\mogan\AppData\Loca...}, goog:chromeOptions: {debuggerAddress: localhost:62727}, javascriptEnabled: true, networkConnectionEnabled: false, pageLoadStrategy: normal, platform: WINDOWS, platformName: WINDOWS, proxy: Proxy(), setWindowRect: true, strictFileInteractability: false, timeouts: {implicit: 0, pageLoad: 300000, script: 30000}, unhandledPromptBehavior: dismiss and notify, webauthn:virtualAuthenticators: true}&#10;Session ID: ad95350cb569f2e0a2567ffa3b445298&#10;*** Element info: {Using=xpath, value=//div/h1[contains (text() , &apos;Register&apos;)]}" type="cucumber.runtime.CucumberException">cucumber.runtime.CucumberException: 
org.openqa.selenium.NoSuchElementException: no such element: Unable to locate element: {"method":"xpath","selector":"//div/h1[contains (text() , 'Register')]"}
  (Session info: chrome=81.0.4044.122)
For documentation on this error, please visit: https://www.seleniumhq.org/exceptions/no_such_element.html
Build info: version: '3.141.59', revision: 'e82be7d358', time: '2018-11-14T08:17:03'
System info: host: 'DESKTOP-JJIP4FK', ip: '10.0.0.3', os.name: 'Windows 10', os.arch: 'amd64', os.version: '10.0', java.version: '1.8.0_241'
Driver info: org.openqa.selenium.chrome.ChromeDriver
Capabilities {acceptInsecureCerts: false, browserName: chrome, browserVersion: 81.0.4044.122, chrome: {chromedriverVersion: 81.0.4044.69 (6813546031a4b..., userDataDir: C:\Users\mogan\AppData\Loca...}, goog:chromeOptions: {debuggerAddress: localhost:62727}, javascriptEnabled: true, networkConnectionEnabled: false, pageLoadStrategy: normal, platform: WINDOWS, platformName: WINDOWS, proxy: Proxy(), setWindowRect: true, strictFileInteractability: false, timeouts: {implicit: 0, pageLoad: 300000, script: 30000}, unhandledPromptBehavior: dismiss and notify, webauthn:virtualAuthenticators: true}
Session ID: ad95350cb569f2e0a2567ffa3b445298
*** Element info: {Using=xpath, value=//div/h1[contains (text() , 'Register')]}
Caused by: org.openqa.selenium.NoSuchElementException: 
no such element: Unable to locate element: {"method":"xpath","selector":"//div/h1[contains (text() , 'Register')]"}
  (Session info: chrome=81.0.4044.122)
For documentation on this error, please visit: https://www.seleniumhq.org/exceptions/no_such_element.html
Build info: version: '3.141.59', revision: 'e82be7d358', time: '2018-11-14T08:17:03'
System info: host: 'DESKTOP-JJIP4FK', ip: '10.0.0.3', os.name: 'Windows 10', os.arch: 'amd64', os.version: '10.0', java.version: '1.8.0_241'
Driver info: org.openqa.selenium.chrome.ChromeDriver
Capabilities {acceptInsecureCerts: false, browserName: chrome, browserVersion: 81.0.4044.122, chrome: {chromedriverVersion: 81.0.4044.69 (6813546031a4b..., userDataDir: C:\Users\mogan\AppData\Loca...}, goog:chromeOptions: {debuggerAddress: localhost:62727}, javascriptEnabled: true, networkConnectionEnabled: false, pageLoadStrategy: normal, platform: WINDOWS, platformName: WINDOWS, proxy: Proxy(), setWindowRect: true, strictFileInteractability: false, timeouts: {implicit: 0, pageLoad: 300000, script: 30000}, unhandledPromptBehavior: dismiss and notify, webauthn:virtualAuthenticators: true}
Session ID: ad95350cb569f2e0a2567ffa3b445298
*** Element info: {Using=xpath, value=//div/h1[contains (text() , 'Register')]}
</failure>
    <system-out><![CDATA[Feature: HomePage validation.

  @TC1
  Scenario Outline: Top Menu UI Validation                  &amp#27;[90m# TC1.feature:4&amp#27;[0m
    &amp#27;[36mGiven &amp#27;[0m&amp#27;[36mI launch "<url>"&amp#27;[0m
    &amp#27;[36mThen &amp#27;[0m&amp#27;[36mI validate the link "<linkname>" exist in top menu&amp#27;[0m
    &amp#27;[36mThen &amp#27;[0m&amp#27;[36mI quit browser&amp#27;[0m

    Examples: 

  @TC1
  Scenario Outline: Top Menu UI Validation                &amp#27;[90m# TC1.feature:10&amp#27;[0m
    &amp#27;[32mGiven &amp#27;[0m&amp#27;[32mI launch "&amp#27;[0m&amp#27;[32m&amp#27;[1mhttp://demowebshop.tricentis.com/&amp#27;[0m&amp#27;[32m"&amp#27;[0m    &amp#27;[90m# WebShop.launchurl(String)&amp#27;[0m
    &amp#27;[32mThen &amp#27;[0m&amp#27;[32mI validate the link "&amp#27;[0m&amp#27;[32m&amp#27;[1mRegister&amp#27;[0m&amp#27;[32m" exist in top menu&amp#27;[0m &amp#27;[90m# WebShop.validateLinkTop(String)&amp#27;[0m
    &amp#27;[32mThen &amp#27;[0m&amp#27;[32mI quit browser&amp#27;[0m                                   &amp#27;[90m# WebShop.quitbrowser()&amp#27;[0m

  @TC1
  Scenario Outline: Top Menu UI Validation              &amp#27;[90m# TC1.feature:11&amp#27;[0m
    &amp#27;[32mGiven &amp#27;[0m&amp#27;[32mI launch "&amp#27;[0m&amp#27;[32m&amp#27;[1mhttp://demowebshop.tricentis.com/&amp#27;[0m&amp#27;[32m"&amp#27;[0m  &amp#27;[90m# WebShop.launchurl(String)&amp#27;[0m
    &amp#27;[32mThen &amp#27;[0m&amp#27;[32mI validate the link "&amp#27;[0m&amp#27;[32m&amp#27;[1mLog in&amp#27;[0m&amp#27;[32m" exist in top menu&amp#27;[0m &amp#27;[90m# WebShop.validateLinkTop(String)&amp#27;[0m
    &amp#27;[32mThen &amp#27;[0m&amp#27;[32mI quit browser&amp#27;[0m                                 &amp#27;[90m# WebShop.quitbrowser()&amp#27;[0m

  @TC1
  Scenario Outline: Top Menu UI Validation                     &amp#27;[90m# TC1.feature:12&amp#27;[0m
    &amp#27;[32mGiven &amp#27;[0m&amp#27;[32mI launch "&amp#27;[0m&amp#27;[32m&amp#27;[1mhttp://demowebshop.tricentis.com/&amp#27;[0m&amp#27;[32m"&amp#27;[0m         &amp#27;[90m# WebShop.launchurl(String)&amp#27;[0m
    &amp#27;[32mThen &amp#27;[0m&amp#27;[32mI validate the link "&amp#27;[0m&amp#27;[32m&amp#27;[1mShopping cart&amp#27;[0m&amp#27;[32m" exist in top menu&amp#27;[0m &amp#27;[90m# WebShop.validateLinkTop(String)&amp#27;[0m
    &amp#27;[32mThen &amp#27;[0m&amp#27;[32mI quit browser&amp#27;[0m                                        &amp#27;[90m# WebShop.quitbrowser()&amp#27;[0m

  @TC1
  Scenario Outline: Top Menu UI Validation                &amp#27;[90m# TC1.feature:13&amp#27;[0m
    &amp#27;[32mGiven &amp#27;[0m&amp#27;[32mI launch "&amp#27;[0m&amp#27;[32m&amp#27;[1mhttp://demowebshop.tricentis.com/&amp#27;[0m&amp#27;[32m"&amp#27;[0m    &amp#27;[90m# WebShop.launchurl(String)&amp#27;[0m
    &amp#27;[32mThen &amp#27;[0m&amp#27;[32mI validate the link "&amp#27;[0m&amp#27;[32m&amp#27;[1mWishlist&amp#27;[0m&amp#27;[32m" exist in top menu&amp#27;[0m &amp#27;[90m# WebShop.validateLinkTop(String)&amp#27;[0m
    &amp#27;[32mThen &amp#27;[0m&amp#27;[32mI quit browser&amp#27;[0m                                   &amp#27;[90m# WebShop.quitbrowser()&amp#27;[0m

  @TC2
  Scenario Outline: Validate the function of following link in top menu -  Register, Login, WishList, ShoppingCart &amp#27;[90m# TC1.feature:16&amp#27;[0m
    &amp#27;[36mGiven &amp#27;[0m&amp#27;[36mI launch "<url>"&amp#27;[0m
    &amp#27;[36mWhen &amp#27;[0m&amp#27;[36mI click the link "<link1>" exist in top menu&amp#27;[0m
    &amp#27;[36mThen &amp#27;[0m&amp#27;[36mI validate the Label "<label1>" exist in register page&amp#27;[0m
    &amp#27;[36mThen &amp#27;[0m&amp#27;[36mI navigate back the browser&amp#27;[0m
    &amp#27;[36mWhen &amp#27;[0m&amp#27;[36mI click the link "<link2>" exist in top menu&amp#27;[0m
    &amp#27;[36mThen &amp#27;[0m&amp#27;[36mI validate the Label "<label2>" exist in login page&amp#27;[0m
    &amp#27;[36mThen &amp#27;[0m&amp#27;[36mI navigate back the browser&amp#27;[0m
    &amp#27;[36mWhen &amp#27;[0m&amp#27;[36mI click the link "<link3>" exist in top menu&amp#27;[0m
    &amp#27;[36mThen &amp#27;[0m&amp#27;[36mI validate the Label "<label3>" exist in shopping cart page&amp#27;[0m
    &amp#27;[36mThen &amp#27;[0m&amp#27;[36mI navigate back the browser&amp#27;[0m
    &amp#27;[36mWhen &amp#27;[0m&amp#27;[36mI click the link "<link4>" exist in top menu&amp#27;[0m
    &amp#27;[36mThen &amp#27;[0m&amp#27;[36mI validate the Label "<label4>" exist in wishlist page&amp#27;[0m
    &amp#27;[36mThen &amp#27;[0m&amp#27;[36mI quit browser&amp#27;[0m

    Examples: 

  @TC2
  Scenario Outline: Validate the function of following link in top menu -  Register, Login, WishList, ShoppingCart &amp#27;[90m# TC1.feature:32&amp#27;[0m
    &amp#27;[32mGiven &amp#27;[0m&amp#27;[32mI launch "&amp#27;[0m&amp#27;[32m&amp#27;[1mhttp://demowebshop.tricentis.com/&amp#27;[0m&amp#27;[32m"&amp#27;[0m                                                             &amp#27;[90m# WebShop.launchurl(String)&amp#27;[0m
    &amp#27;[32mWhen &amp#27;[0m&amp#27;[32mI click the link "&amp#27;[0m&amp#27;[32m&amp#27;[1mRegister&amp#27;[0m&amp#27;[32m" exist in top menu&amp#27;[0m                                                             &amp#27;[90m# WebShop.clickLinkTop(String)&amp#27;[0m
    &amp#27;[31mThen &amp#27;[0m&amp#27;[31mI validate the Label "&amp#27;[0m&amp#27;[31m&amp#27;[1mRegister&amp#27;[0m&amp#27;[31m" exist in register page&amp#27;[0m                                                    &amp#27;[90m# WebShop.validateLabelRegister(String)&amp#27;[0m
      &amp#27;[31morg.openqa.selenium.NoSuchElementException: no such element: Unable to locate element: {"method":"xpath","selector":"//div/h1[contains (text() , 'Register')]"}
        (Session info: chrome=81.0.4044.122)
      For documentation on this error, please visit: https://www.seleniumhq.org/exceptions/no_such_element.html
      Build info: version: '3.141.59', revision: 'e82be7d358', time: '2018-11-14T08:17:03'
      System info: host: 'DESKTOP-JJIP4FK', ip: '10.0.0.3', os.name: 'Windows 10', os.arch: 'amd64', os.version: '10.0', java.version: '1.8.0_241'
      Driver info: org.openqa.selenium.chrome.ChromeDriver
      Capabilities {acceptInsecureCerts: false, browserName: chrome, browserVersion: 81.0.4044.122, chrome: {chromedriverVersion: 81.0.4044.69 (6813546031a4b..., userDataDir: C:\Users\mogan\AppData\Loca...}, goog:chromeOptions: {debuggerAddress: localhost:62727}, javascriptEnabled: true, networkConnectionEnabled: false, pageLoadStrategy: normal, platform: WINDOWS, platformName: WINDOWS, proxy: Proxy(), setWindowRect: true, strictFileInteractability: false, timeouts: {implicit: 0, pageLoad: 300000, script: 30000}, unhandledPromptBehavior: dismiss and notify, webauthn:virtualAuthenticators: true}
      Session ID: ad95350cb569f2e0a2567ffa3b445298
      *** Element info: {Using=xpath, value=//div/h1[contains (text() , 'Register')]}
      	at sun.reflect.NativeConstructorAccessorImpl.newInstance0(Native Method)
      	at sun.reflect.NativeConstructorAccessorImpl.newInstance(Unknown Source)
      	at sun.reflect.DelegatingConstructorAccessorImpl.newInstance(Unknown Source)
      	at java.lang.reflect.Constructor.newInstance(Unknown Source)
      	at org.openqa.selenium.remote.http.W3CHttpResponseCodec.createException(W3CHttpResponseCodec.java:187)
      	at org.openqa.selenium.remote.http.W3CHttpResponseCodec.decode(W3CHttpResponseCodec.java:122)
      	at org.openqa.selenium.remote.http.W3CHttpResponseCodec.decode(W3CHttpResponseCodec.java:49)
      	at org.openqa.selenium.remote.HttpCommandExecutor.execute(HttpCommandExecutor.java:158)
      	at org.openqa.selenium.remote.service.DriverCommandExecutor.execute(DriverCommandExecutor.java:83)
      	at org.openqa.selenium.remote.RemoteWebDriver.execute(RemoteWebDriver.java:552)
      	at org.openqa.selenium.remote.RemoteWebDriver.findElement(RemoteWebDriver.java:323)
      	at org.openqa.selenium.remote.RemoteWebDriver.findElementByXPath(RemoteWebDriver.java:428)
      	at org.openqa.selenium.By$ByXPath.findElement(By.java:353)
      	at org.openqa.selenium.remote.RemoteWebDriver.findElement(RemoteWebDriver.java:315)
      	at org.openqa.selenium.support.pagefactory.DefaultElementLocator.findElement(DefaultElementLocator.java:69)
      	at org.openqa.selenium.support.pagefactory.internal.LocatingElementHandler.invoke(LocatingElementHandler.java:38)
      	at com.sun.proxy.$Proxy17.getText(Unknown Source)
      	at POM.Register.getlblRegister(Register.java:23)
      	at StepDefinitions.WebShop.validateLabelRegister(WebShop.java:117)
      	at ?.Then I validate the Label "Register" exist in register page(TC1.feature:19)
      &amp#27;[0m
    &amp#27;[36mThen &amp#27;[0m&amp#27;[36mI navigate back the browser&amp#27;[0m                                                                               &amp#27;[90m# WebShop.navigateback()&amp#27;[0m
    &amp#27;[36mWhen &amp#27;[0m&amp#27;[36mI click the link "&amp#27;[0m&amp#27;[36m&amp#27;[1mLog in&amp#27;[0m&amp#27;[36m" exist in top menu&amp#27;[0m                                                               &amp#27;[90m# WebShop.clickLinkTop(String)&amp#27;[0m
    &amp#27;[36mThen &amp#27;[0m&amp#27;[36mI validate the Label "&amp#27;[0m&amp#27;[36m&amp#27;[1mWelcome, Please Sign In!&amp#27;[0m&amp#27;[36m" exist in login page&amp#27;[0m                                       &amp#27;[90m# WebShop.validateLabelLogin(String)&amp#27;[0m
    &amp#27;[36mThen &amp#27;[0m&amp#27;[36mI navigate back the browser&amp#27;[0m                                                                               &amp#27;[90m# WebShop.navigateback()&amp#27;[0m
    &amp#27;[36mWhen &amp#27;[0m&amp#27;[36mI click the link "&amp#27;[0m&amp#27;[36m&amp#27;[1mShopping cart&amp#27;[0m&amp#27;[36m" exist in top menu&amp#27;[0m                                                        &amp#27;[90m# WebShop.clickLinkTop(String)&amp#27;[0m
    &amp#27;[36mThen &amp#27;[0m&amp#27;[36mI validate the Label "&amp#27;[0m&amp#27;[36m&amp#27;[1mShopping cart&amp#27;[0m&amp#27;[36m" exist in shopping cart page&amp#27;[0m                                          &amp#27;[90m# WebShop.validateLabelShoppingCart(String)&amp#27;[0m
    &amp#27;[36mThen &amp#27;[0m&amp#27;[36mI navigate back the browser&amp#27;[0m                                                                               &amp#27;[90m# WebShop.navigateback()&amp#27;[0m
    &amp#27;[36mWhen &amp#27;[0m&amp#27;[36mI click the link "&amp#27;[0m&amp#27;[36m&amp#27;[1mWishlist&amp#27;[0m&amp#27;[36m" exist in top menu&amp#27;[0m                                                             &amp#27;[90m# WebShop.clickLinkTop(String)&amp#27;[0m
    &amp#27;[36mThen &amp#27;[0m&amp#27;[36mI validate the Label "&amp#27;[0m&amp#27;[36m&amp#27;[1mWishlist&amp#27;[0m&amp#27;[36m" exist in wishlist page&amp#27;[0m                                                    &amp#27;[90m# WebShop.validateLabelWishList(String)&amp#27;[0m
    &amp#27;[36mThen &amp#27;[0m&amp#27;[36mI quit browser&amp#27;[0m                                                                                            &amp#27;[90m# WebShop.quitbrowser()&amp#27;[0m

  @TC3
  Scenario Outline: Validate the WebElements within the frame Returning Customers. &amp#27;[90m# TC1.feature:35&amp#27;[0m
    &amp#27;[36mGiven &amp#27;[0m&amp#27;[36mI launch "<url>"&amp#27;[0m
    &amp#27;[36mWhen &amp#27;[0m&amp#27;[36mI click the link "<link>" exist in top menu&amp#27;[0m
    &amp#27;[36mThen &amp#27;[0m&amp#27;[36mI validate the Label "<Email:>" exist in login page&amp#27;[0m
    &amp#27;[36mThen &amp#27;[0m&amp#27;[36mI validate the Label "<Password:>" exist in login page&amp#27;[0m
    &amp#27;[36mThen &amp#27;[0m&amp#27;[36mI validate the Label "<Remember me?>" exist in login page&amp#27;[0m
    &amp#27;[36mThen &amp#27;[0m&amp#27;[36mI validate the link "<Forgot password?>" exist in login page&amp#27;[0m
    &amp#27;[36mThen &amp#27;[0m&amp#27;[36mI validate the command button "<Log in>" enabled in login page&amp#27;[0m
    &amp#27;[36mThen &amp#27;[0m&amp#27;[36mI validate textbox "<Email>" enabled in login page&amp#27;[0m
    &amp#27;[36mThen &amp#27;[0m&amp#27;[36mI validate textbox "<Password>" enabled in login page&amp#27;[0m
    &amp#27;[36mThen &amp#27;[0m&amp#27;[36mI quit browser&amp#27;[0m

    Examples: 

  @TC3
  Scenario Outline: Validate the WebElements within the frame Returning Customers. &amp#27;[90m# TC1.feature:48&amp#27;[0m
    &amp#27;[32mGiven &amp#27;[0m&amp#27;[32mI launch "&amp#27;[0m&amp#27;[32m&amp#27;[1mhttp://demowebshop.tricentis.com/&amp#27;[0m&amp#27;[32m"&amp#27;[0m                             &amp#27;[90m# WebShop.launchurl(String)&amp#27;[0m
    &amp#27;[32mWhen &amp#27;[0m&amp#27;[32mI click the link "&amp#27;[0m&amp#27;[32m&amp#27;[1mLog in&amp#27;[0m&amp#27;[32m" exist in top menu&amp#27;[0m                               &amp#27;[90m# WebShop.clickLinkTop(String)&amp#27;[0m
    &amp#27;[32mThen &amp#27;[0m&amp#27;[32mI validate the Label "&amp#27;[0m&amp#27;[32m&amp#27;[1mEmail:&amp#27;[0m&amp#27;[32m" exist in login page&amp#27;[0m                         &amp#27;[90m# WebShop.validateLabelLogin(String)&amp#27;[0m
    &amp#27;[32mThen &amp#27;[0m&amp#27;[32mI validate the Label "&amp#27;[0m&amp#27;[32m&amp#27;[1mPassword:&amp#27;[0m&amp#27;[32m" exist in login page&amp#27;[0m                      &amp#27;[90m# WebShop.validateLabelLogin(String)&amp#27;[0m
    &amp#27;[31mThen &amp#27;[0m&amp#27;[31mI validate the Label "&amp#27;[0m&amp#27;[31m&amp#27;[1mRemember me?&amp#27;[0m&amp#27;[31m" exist in login page&amp#27;[0m                   &amp#27;[90m# WebShop.validateLabelLogin(String)&amp#27;[0m
      &amp#27;[31morg.openqa.selenium.NoSuchElementException: no such element: Unable to locate element: {"method":"xpath","selector":"//div/label[contains (text() , 'Remember me?')]"}
        (Session info: chrome=81.0.4044.122)
      For documentation on this error, please visit: https://www.seleniumhq.org/exceptions/no_such_element.html
      Build info: version: '3.141.59', revision: 'e82be7d358', time: '2018-11-14T08:17:03'
      System info: host: 'DESKTOP-JJIP4FK', ip: '10.0.0.3', os.name: 'Windows 10', os.arch: 'amd64', os.version: '10.0', java.version: '1.8.0_241'
      Driver info: org.openqa.selenium.chrome.ChromeDriver
      Capabilities {acceptInsecureCerts: false, browserName: chrome, browserVersion: 81.0.4044.122, chrome: {chromedriverVersion: 81.0.4044.69 (6813546031a4b..., userDataDir: C:\Users\mogan\AppData\Loca...}, goog:chromeOptions: {debuggerAddress: localhost:62753}, javascriptEnabled: true, networkConnectionEnabled: false, pageLoadStrategy: normal, platform: WINDOWS, platformName: WINDOWS, proxy: Proxy(), setWindowRect: true, strictFileInteractability: false, timeouts: {implicit: 0, pageLoad: 300000, script: 30000}, unhandledPromptBehavior: dismiss and notify, webauthn:virtualAuthenticators: true}
      Session ID: 7138db9b488aa6065ceba46907fa6414
      *** Element info: {Using=xpath, value=//div/label[contains (text() , 'Remember me?')]}
      	at sun.reflect.NativeConstructorAccessorImpl.newInstance0(Native Method)
      	at sun.reflect.NativeConstructorAccessorImpl.newInstance(Unknown Source)
      	at sun.reflect.DelegatingConstructorAccessorImpl.newInstance(Unknown Source)
      	at java.lang.reflect.Constructor.newInstance(Unknown Source)
      	at org.openqa.selenium.remote.http.W3CHttpResponseCodec.createException(W3CHttpResponseCodec.java:187)
      	at org.openqa.selenium.remote.http.W3CHttpResponseCodec.decode(W3CHttpResponseCodec.java:122)
      	at org.openqa.selenium.remote.http.W3CHttpResponseCodec.decode(W3CHttpResponseCodec.java:49)
      	at org.openqa.selenium.remote.HttpCommandExecutor.execute(HttpCommandExecutor.java:158)
      	at org.openqa.selenium.remote.service.DriverCommandExecutor.execute(DriverCommandExecutor.java:83)
      	at org.openqa.selenium.remote.RemoteWebDriver.execute(RemoteWebDriver.java:552)
      	at org.openqa.selenium.remote.RemoteWebDriver.findElement(RemoteWebDriver.java:323)
      	at org.openqa.selenium.remote.RemoteWebDriver.findElementByXPath(RemoteWebDriver.java:428)
      	at org.openqa.selenium.By$ByXPath.findElement(By.java:353)
      	at org.openqa.selenium.remote.RemoteWebDriver.findElement(RemoteWebDriver.java:315)
      	at org.openqa.selenium.support.pagefactory.DefaultElementLocator.findElement(DefaultElementLocator.java:69)
      	at org.openqa.selenium.support.pagefactory.internal.LocatingElementHandler.invoke(LocatingElementHandler.java:38)
      	at com.sun.proxy.$Proxy17.getText(Unknown Source)
      	at POM.Log_in.getlblRememberMeText(Log_in.java:63)
      	at StepDefinitions.WebShop.validateLabelLogin(WebShop.java:102)
      	at ?.Then I validate the Label "Remember me?" exist in login page(TC1.feature:40)
      &amp#27;[0m
    &amp#27;[36mThen &amp#27;[0m&amp#27;[36mI validate the link "&amp#27;[0m&amp#27;[36m&amp#27;[1mForgot password?&amp#27;[0m&amp#27;[36m" exist in login page&amp#27;[0m                &amp#27;[90m# WebShop.validateLinkLogin(String)&amp#27;[0m
    &amp#27;[36mThen &amp#27;[0m&amp#27;[36mI validate the command button "&amp#27;[0m&amp#27;[36m&amp#27;[1mLog in&amp#27;[0m&amp#27;[36m" enabled in login page&amp#27;[0m              &amp#27;[90m# WebShop.validateCmdLogin(String)&amp#27;[0m
    &amp#27;[36mThen &amp#27;[0m&amp#27;[36mI validate textbox "&amp#27;[0m&amp#27;[36m&amp#27;[1mEmail&amp#27;[0m&amp#27;[36m" enabled in login page&amp#27;[0m                          &amp#27;[90m# WebShop.validateTextboxLogin(String)&amp#27;[0m
    &amp#27;[36mThen &amp#27;[0m&amp#27;[36mI validate textbox "&amp#27;[0m&amp#27;[36m&amp#27;[1mPassword&amp#27;[0m&amp#27;[36m" enabled in login page&amp#27;[0m                       &amp#27;[90m# WebShop.validateTextboxLogin(String)&amp#27;[0m
    &amp#27;[36mThen &amp#27;[0m&amp#27;[36mI quit browser&amp#27;[0m                                                            &amp#27;[90m# WebShop.quitbrowser()&amp#27;[0m

  @TC4
  Scenario Outline: Validate login using valid email and valid password   &amp#27;[90m# TC1.feature:51&amp#27;[0m
    &amp#27;[36mGiven &amp#27;[0m&amp#27;[36mI launch "<url>"&amp#27;[0m
    &amp#27;[36mWhen &amp#27;[0m&amp#27;[36mI click the link "<link>" exist in top menu&amp#27;[0m
    &amp#27;[36mThen &amp#27;[0m&amp#27;[36mI validate the Label "<welcome>" exist in login page&amp#27;[0m
    &amp#27;[36mWhen &amp#27;[0m&amp#27;[36mI enter "<userID>" in the "<username>" textbox in login page&amp#27;[0m
    &amp#27;[36mWhen &amp#27;[0m&amp#27;[36mI enter "<passwordID>" in the "<password>" textbox in login page&amp#27;[0m
    &amp#27;[36mAnd &amp#27;[0m&amp#27;[36mI click the button "<login>" in login page&amp#27;[0m
    &amp#27;[36mThen &amp#27;[0m&amp#27;[36mI validate the link "<username>" exist in top menu&amp#27;[0m
    &amp#27;[36mWhen &amp#27;[0m&amp#27;[36mI click the link "<logout>" exist in top menu&amp#27;[0m
    &amp#27;[36mThen &amp#27;[0m&amp#27;[36mI quit browser&amp#27;[0m

    Examples: 

  @TC4
  Scenario Outline: Validate login using valid email and valid password &amp#27;[90m# TC1.feature:63&amp#27;[0m
    &amp#27;[32mGiven &amp#27;[0m&amp#27;[32mI launch "&amp#27;[0m&amp#27;[32m&amp#27;[1mhttp://demowebshop.tricentis.com/&amp#27;[0m&amp#27;[32m"&amp#27;[0m                  &amp#27;[90m# WebShop.launchurl(String)&amp#27;[0m
    &amp#27;[32mWhen &amp#27;[0m&amp#27;[32mI click the link "&amp#27;[0m&amp#27;[32m&amp#27;[1mLog in&amp#27;[0m&amp#27;[32m" exist in top menu&amp#27;[0m                    &amp#27;[90m# WebShop.clickLinkTop(String)&amp#27;[0m
    &amp#27;[32mThen &amp#27;[0m&amp#27;[32mI validate the Label "&amp#27;[0m&amp#27;[32m&amp#27;[1m<welcome>&amp#27;[0m&amp#27;[32m" exist in login page&amp#27;[0m           &amp#27;[90m# WebShop.validateLabelLogin(String)&amp#27;[0m
    &amp#27;[32mWhen &amp#27;[0m&amp#27;[32mI enter "&amp#27;[0m&amp#27;[32m&amp#27;[1m<userID>&amp#27;[0m&amp#27;[32m" in the "&amp#27;[0m&amp#27;[32m&amp#27;[1m<username>&amp#27;[0m&amp#27;[32m" textbox in login page&amp#27;[0m   &amp#27;[90m# WebShop.enterUsernameLogin(String,String)&amp#27;[0m
    &amp#27;[32mWhen &amp#27;[0m&amp#27;[32mI enter "&amp#27;[0m&amp#27;[32m&amp#27;[1mcccccc&amp#27;[0m&amp#27;[32m" in the "&amp#27;[0m&amp#27;[32m&amp#27;[1mPassword:&amp#27;[0m&amp#27;[32m" textbox in login page&amp#27;[0m      &amp#27;[90m# WebShop.enterUsernameLogin(String,String)&amp#27;[0m
    &amp#27;[32mAnd &amp#27;[0m&amp#27;[32mI click the button "&amp#27;[0m&amp#27;[32m&amp#27;[1m<login>&amp#27;[0m&amp#27;[32m" in login page&amp#27;[0m                      &amp#27;[90m# WebShop.clickButtonLogin(String)&amp#27;[0m
    &amp#27;[32mThen &amp#27;[0m&amp#27;[32mI validate the link "&amp#27;[0m&amp#27;[32m&amp#27;[1m<username>&amp#27;[0m&amp#27;[32m" exist in top menu&amp#27;[0m             &amp#27;[90m# WebShop.validateLinkTop(String)&amp#27;[0m
    &amp#27;[32mWhen &amp#27;[0m&amp#27;[32mI click the link "&amp#27;[0m&amp#27;[32m&amp#27;[1m<logout>&amp#27;[0m&amp#27;[32m" exist in top menu&amp#27;[0m                  &amp#27;[90m# WebShop.clickLinkTop(String)&amp#27;[0m
    &amp#27;[32mThen &amp#27;[0m&amp#27;[32mI quit browser&amp#27;[0m                                                 &amp#27;[90m# WebShop.quitbrowser()&amp#27;[0m

  @TC5
  Scenario Outline: Validate login for negative path using "Email" and "Password" and validate the "Error" message &amp#27;[90m# TC1.feature:66&amp#27;[0m
    &amp#27;[36mGiven &amp#27;[0m&amp#27;[36mI launch "<url>"&amp#27;[0m
    &amp#27;[36mWhen &amp#27;[0m&amp#27;[36mI click the link "<link>" exist in top menu&amp#27;[0m
    &amp#27;[36mThen &amp#27;[0m&amp#27;[36mI validate the Label "<welcome>" exist in login page&amp#27;[0m
    &amp#27;[36mWhen &amp#27;[0m&amp#27;[36mI enter "<userID>" in the "<username>" textbox in login page&amp#27;[0m
    &amp#27;[36mWhen &amp#27;[0m&amp#27;[36mI enter "<passwordID>" in the "<password>" textbox in login page&amp#27;[0m
    &amp#27;[36mAnd &amp#27;[0m&amp#27;[36mI click the button "<login>" in login page&amp#27;[0m
    &amp#27;[36mThen &amp#27;[0m&amp#27;[36mI validate the "<error>" displayed in login page&amp#27;[0m
    &amp#27;[36mWhen &amp#27;[0m&amp#27;[36mI click the link "<logout>" exist in top menu&amp#27;[0m
    &amp#27;[36mThen &amp#27;[0m&amp#27;[36mI quit browser&amp#27;[0m

    Examples: 

  @TC5
  Scenario Outline: Validate login for negative path using "Email" and "Password" and validate the "Error" message                           &amp#27;[90m# TC1.feature:78&amp#27;[0m
    &amp#27;[32mGiven &amp#27;[0m&amp#27;[32mI launch "&amp#27;[0m&amp#27;[32m&amp#27;[1mhttp://demowebshop.tricentis.com/&amp#27;[0m&amp#27;[32m"&amp#27;[0m                                                                                       &amp#27;[90m# WebShop.launchurl(String)&amp#27;[0m
    &amp#27;[32mWhen &amp#27;[0m&amp#27;[32mI click the link "&amp#27;[0m&amp#27;[32m&amp#27;[1m<link>&amp#27;[0m&amp#27;[32m" exist in top menu&amp#27;[0m                                                                                         &amp#27;[90m# WebShop.clickLinkTop(String)&amp#27;[0m
    &amp#27;[32mThen &amp#27;[0m&amp#27;[32mI validate the Label "&amp#27;[0m&amp#27;[32m&amp#27;[1m<welcome>&amp#27;[0m&amp#27;[32m" exist in login page&amp#27;[0m                                                                                &amp#27;[90m# WebShop.validateLabelLogin(String)&amp#27;[0m
    &amp#27;[32mWhen &amp#27;[0m&amp#27;[32mI enter "&amp#27;[0m&amp#27;[32m&amp#27;[1m<userID>&amp#27;[0m&amp#27;[32m" in the "&amp#27;[0m&amp#27;[32m&amp#27;[1m<username>&amp#27;[0m&amp#27;[32m" textbox in login page&amp#27;[0m                                                                        &amp#27;[90m# WebShop.enterUsernameLogin(String,String)&amp#27;[0m
    &amp#27;[32mWhen &amp#27;[0m&amp#27;[32mI enter "&amp#27;[0m&amp#27;[32m&amp#27;[1m<passwordID>&amp#27;[0m&amp#27;[32m" in the "&amp#27;[0m&amp#27;[32m&amp#27;[1mcccccc&amp#27;[0m&amp#27;[32m" textbox in login page&amp#27;[0m                                                                        &amp#27;[90m# WebShop.enterUsernameLogin(String,String)&amp#27;[0m
    &amp#27;[32mAnd &amp#27;[0m&amp#27;[32mI click the button "&amp#27;[0m&amp#27;[32m&amp#27;[1m<login>&amp#27;[0m&amp#27;[32m" in login page&amp#27;[0m                                                                                           &amp#27;[90m# WebShop.clickButtonLogin(String)&amp#27;[0m
    &amp#27;[32mThen &amp#27;[0m&amp#27;[32mI validate the "&amp#27;[0m&amp#27;[32m&amp#27;[1mLogin was unsuccessful. Please correct the errors and try again. No customer account found&amp#27;[0m&amp#27;[32m" displayed in login page&amp#27;[0m &amp#27;[90m# WebShop.validateErrorLogin(String)&amp#27;[0m
    &amp#27;[32mWhen &amp#27;[0m&amp#27;[32mI click the link "&amp#27;[0m&amp#27;[32m&amp#27;[1m<logout>&amp#27;[0m&amp#27;[32m" exist in top menu&amp#27;[0m                                                                                       &amp#27;[90m# WebShop.clickLinkTop(String)&amp#27;[0m
    &amp#27;[32mThen &amp#27;[0m&amp#27;[32mI quit browser&amp#27;[0m                                                                                                                      &amp#27;[90m# WebShop.quitbrowser()&amp#27;[0m

  @TC5
  Scenario Outline: Validate login for negative path using "Email" and "Password" and validate the "Error" message                                       &amp#27;[90m# TC1.feature:79&amp#27;[0m
    &amp#27;[32mGiven &amp#27;[0m&amp#27;[32mI launch "&amp#27;[0m&amp#27;[32m&amp#27;[1mhttp://demowebshop.tricentis.com/&amp#27;[0m&amp#27;[32m"&amp#27;[0m                                                                                                   &amp#27;[90m# WebShop.launchurl(String)&amp#27;[0m
    &amp#27;[32mWhen &amp#27;[0m&amp#27;[32mI click the link "&amp#27;[0m&amp#27;[32m&amp#27;[1m<link>&amp#27;[0m&amp#27;[32m" exist in top menu&amp#27;[0m                                                                                                     &amp#27;[90m# WebShop.clickLinkTop(String)&amp#27;[0m
    &amp#27;[32mThen &amp#27;[0m&amp#27;[32mI validate the Label "&amp#27;[0m&amp#27;[32m&amp#27;[1m<welcome>&amp#27;[0m&amp#27;[32m" exist in login page&amp#27;[0m                                                                                            &amp#27;[90m# WebShop.validateLabelLogin(String)&amp#27;[0m
    &amp#27;[32mWhen &amp#27;[0m&amp#27;[32mI enter "&amp#27;[0m&amp#27;[32m&amp#27;[1m<userID>&amp#27;[0m&amp#27;[32m" in the "&amp#27;[0m&amp#27;[32m&amp#27;[1m<username>&amp#27;[0m&amp#27;[32m" textbox in login page&amp#27;[0m                                                                                    &amp#27;[90m# WebShop.enterUsernameLogin(String,String)&amp#27;[0m
    &amp#27;[32mWhen &amp#27;[0m&amp#27;[32mI enter "&amp#27;[0m&amp#27;[32m&amp#27;[1m<passwordID>&amp#27;[0m&amp#27;[32m" in the "&amp#27;[0m&amp#27;[32m&amp#27;[1mddd&amp#27;[0m&amp#27;[32m" textbox in login page&amp#27;[0m                                                                                       &amp#27;[90m# WebShop.enterUsernameLogin(String,String)&amp#27;[0m
    &amp#27;[32mAnd &amp#27;[0m&amp#27;[32mI click the button "&amp#27;[0m&amp#27;[32m&amp#27;[1m<login>&amp#27;[0m&amp#27;[32m" in login page&amp#27;[0m                                                                                                       &amp#27;[90m# WebShop.clickButtonLogin(String)&amp#27;[0m
    &amp#27;[32mThen &amp#27;[0m&amp#27;[32mI validate the "&amp#27;[0m&amp#27;[32m&amp#27;[1mLogin was unsuccessful. Please correct the errors and try again.The credentials provided are incorrect&amp#27;[0m&amp#27;[32m" displayed in login page&amp#27;[0m &amp#27;[90m# WebShop.validateErrorLogin(String)&amp#27;[0m
    &amp#27;[32mWhen &amp#27;[0m&amp#27;[32mI click the link "&amp#27;[0m&amp#27;[32m&amp#27;[1m<logout>&amp#27;[0m&amp#27;[32m" exist in top menu&amp#27;[0m                                                                                                   &amp#27;[90m# WebShop.clickLinkTop(String)&amp#27;[0m
    &amp#27;[32mThen &amp#27;[0m&amp#27;[32mI quit browser&amp#27;[0m                                                                                                                                  &amp#27;[90m# WebShop.quitbrowser()&amp#27;[0m

  @TC5
  Scenario Outline: Validate login for negative path using "Email" and "Password" and validate the "Error" message                          &amp#27;[90m# TC1.feature:80&amp#27;[0m
    &amp#27;[32mGiven &amp#27;[0m&amp#27;[32mI launch "&amp#27;[0m&amp#27;[32m&amp#27;[1mhttp://demowebshop.tricentis.com/&amp#27;[0m&amp#27;[32m"&amp#27;[0m                                                                                      &amp#27;[90m# WebShop.launchurl(String)&amp#27;[0m
    &amp#27;[32mWhen &amp#27;[0m&amp#27;[32mI click the link "&amp#27;[0m&amp#27;[32m&amp#27;[1m<link>&amp#27;[0m&amp#27;[32m" exist in top menu&amp#27;[0m                                                                                        &amp#27;[90m# WebShop.clickLinkTop(String)&amp#27;[0m
    &amp#27;[32mThen &amp#27;[0m&amp#27;[32mI validate the Label "&amp#27;[0m&amp#27;[32m&amp#27;[1m<welcome>&amp#27;[0m&amp#27;[32m" exist in login page&amp#27;[0m                                                                               &amp#27;[90m# WebShop.validateLabelLogin(String)&amp#27;[0m
    &amp#27;[32mWhen &amp#27;[0m&amp#27;[32mI enter "&amp#27;[0m&amp#27;[32m&amp#27;[1m<userID>&amp#27;[0m&amp#27;[32m" in the "&amp#27;[0m&amp#27;[32m&amp#27;[1m<username>&amp#27;[0m&amp#27;[32m" textbox in login page&amp#27;[0m                                                                       &amp#27;[90m# WebShop.enterUsernameLogin(String,String)&amp#27;[0m
    &amp#27;[32mWhen &amp#27;[0m&amp#27;[32mI enter "&amp#27;[0m&amp#27;[32m&amp#27;[1m<passwordID>&amp#27;[0m&amp#27;[32m" in the "&amp#27;[0m&amp#27;[32m&amp#27;[1mddd&amp#27;[0m&amp#27;[32m" textbox in login page&amp#27;[0m                                                                          &amp#27;[90m# WebShop.enterUsernameLogin(String,String)&amp#27;[0m
    &amp#27;[32mAnd &amp#27;[0m&amp#27;[32mI click the button "&amp#27;[0m&amp#27;[32m&amp#27;[1m<login>&amp#27;[0m&amp#27;[32m" in login page&amp#27;[0m                                                                                          &amp#27;[90m# WebShop.clickButtonLogin(String)&amp#27;[0m
    &amp#27;[32mThen &amp#27;[0m&amp#27;[32mI validate the "&amp#27;[0m&amp#27;[32m&amp#27;[1mLogin was unsuccessful. Please correct the errors and try again.No customer account found&amp#27;[0m&amp#27;[32m" displayed in login page&amp#27;[0m &amp#27;[90m# WebShop.validateErrorLogin(String)&amp#27;[0m
    &amp#27;[32mWhen &amp#27;[0m&amp#27;[32mI click the link "&amp#27;[0m&amp#27;[32m&amp#27;[1m<logout>&amp#27;[0m&amp#27;[32m" exist in top menu&amp#27;[0m                                                                                      &amp#27;[90m# WebShop.clickLinkTop(String)&amp#27;[0m
    &amp#27;[32mThen &amp#27;[0m&amp#27;[32mI quit browser&amp#27;[0m                                                                                                                     &amp#27;[90m# WebShop.quitbrowser()&amp#27;[0m

  @TC5
  Scenario Outline: Validate login for negative path using "Email" and "Password" and validate the "Error" message                           &amp#27;[90m# TC1.feature:81&amp#27;[0m
    &amp#27;[32mGiven &amp#27;[0m&amp#27;[32mI launch "&amp#27;[0m&amp#27;[32m&amp#27;[1mhttp://demowebshop.tricentis.com/&amp#27;[0m&amp#27;[32m"&amp#27;[0m                                                                                       &amp#27;[90m# WebShop.launchurl(String)&amp#27;[0m
    &amp#27;[32mWhen &amp#27;[0m&amp#27;[32mI click the link "&amp#27;[0m&amp#27;[32m&amp#27;[1m<link>&amp#27;[0m&amp#27;[32m" exist in top menu&amp#27;[0m                                                                                         &amp#27;[90m# WebShop.clickLinkTop(String)&amp#27;[0m
    &amp#27;[32mThen &amp#27;[0m&amp#27;[32mI validate the Label "&amp#27;[0m&amp#27;[32m&amp#27;[1m<welcome>&amp#27;[0m&amp#27;[32m" exist in login page&amp#27;[0m                                                                                &amp#27;[90m# WebShop.validateLabelLogin(String)&amp#27;[0m
    &amp#27;[32mWhen &amp#27;[0m&amp#27;[32mI enter "&amp#27;[0m&amp#27;[32m&amp#27;[1m<userID>&amp#27;[0m&amp#27;[32m" in the "&amp#27;[0m&amp#27;[32m&amp#27;[1m<username>&amp#27;[0m&amp#27;[32m" textbox in login page&amp#27;[0m                                                                        &amp#27;[90m# WebShop.enterUsernameLogin(String,String)&amp#27;[0m
    &amp#27;[32mWhen &amp#27;[0m&amp#27;[32mI enter "&amp#27;[0m&amp#27;[32m&amp#27;[1m<passwordID>&amp#27;[0m&amp#27;[32m" in the "&amp#27;[0m&amp#27;[32m&amp#27;[1mcccccc&amp#27;[0m&amp#27;[32m" textbox in login page&amp#27;[0m                                                                        &amp#27;[90m# WebShop.enterUsernameLogin(String,String)&amp#27;[0m
    &amp#27;[32mAnd &amp#27;[0m&amp#27;[32mI click the button "&amp#27;[0m&amp#27;[32m&amp#27;[1m<login>&amp#27;[0m&amp#27;[32m" in login page&amp#27;[0m                                                                                           &amp#27;[90m# WebShop.clickButtonLogin(String)&amp#27;[0m
    &amp#27;[32mThen &amp#27;[0m&amp#27;[32mI validate the "&amp#27;[0m&amp#27;[32m&amp#27;[1mLogin was unsuccessful. Please correct the errors and try again. No customer account found&amp#27;[0m&amp#27;[32m" displayed in login page&amp#27;[0m &amp#27;[90m# WebShop.validateErrorLogin(String)&amp#27;[0m
    &amp#27;[32mWhen &amp#27;[0m&amp#27;[32mI click the link "&amp#27;[0m&amp#27;[32m&amp#27;[1m<logout>&amp#27;[0m&amp#27;[32m" exist in top menu&amp#27;[0m                                                                                       &amp#27;[90m# WebShop.clickLinkTop(String)&amp#27;[0m
    &amp#27;[32mThen &amp#27;[0m&amp#27;[32mI quit browser&amp#27;[0m                                                                                                                      &amp#27;[90m# WebShop.quitbrowser()&amp#27;[0m

  @TC5
  Scenario Outline: Validate login for negative path using "Email" and "Password" and validate the "Error" message                                       &amp#27;[90m# TC1.feature:82&amp#27;[0m
    &amp#27;[32mGiven &amp#27;[0m&amp#27;[32mI launch "&amp#27;[0m&amp#27;[32m&amp#27;[1mhttp://demowebshop.tricentis.com/&amp#27;[0m&amp#27;[32m"&amp#27;[0m                                                                                                   &amp#27;[90m# WebShop.launchurl(String)&amp#27;[0m
    &amp#27;[32mWhen &amp#27;[0m&amp#27;[32mI click the link "&amp#27;[0m&amp#27;[32m&amp#27;[1m<link>&amp#27;[0m&amp#27;[32m" exist in top menu&amp#27;[0m                                                                                                     &amp#27;[90m# WebShop.clickLinkTop(String)&amp#27;[0m
    &amp#27;[32mThen &amp#27;[0m&amp#27;[32mI validate the Label "&amp#27;[0m&amp#27;[32m&amp#27;[1m<welcome>&amp#27;[0m&amp#27;[32m" exist in login page&amp#27;[0m                                                                                            &amp#27;[90m# WebShop.validateLabelLogin(String)&amp#27;[0m
    &amp#27;[32mWhen &amp#27;[0m&amp#27;[32mI enter "&amp#27;[0m&amp#27;[32m&amp#27;[1m<userID>&amp#27;[0m&amp#27;[32m" in the "&amp#27;[0m&amp#27;[32m&amp#27;[1m<username>&amp#27;[0m&amp#27;[32m" textbox in login page&amp#27;[0m                                                                                    &amp#27;[90m# WebShop.enterUsernameLogin(String,String)&amp#27;[0m
    &amp#27;[32mWhen &amp#27;[0m&amp#27;[32mI enter "&amp#27;[0m&amp#27;[32m&amp#27;[1m<passwordID>&amp#27;[0m&amp#27;[32m" in the "&amp#27;[0m&amp#27;[32m&amp#27;[1m&amp#27;[0m&amp#27;[32m" textbox in login page&amp#27;[0m                                                                                          &amp#27;[90m# WebShop.enterUsernameLogin(String,String)&amp#27;[0m
    &amp#27;[32mAnd &amp#27;[0m&amp#27;[32mI click the button "&amp#27;[0m&amp#27;[32m&amp#27;[1m<login>&amp#27;[0m&amp#27;[32m" in login page&amp#27;[0m                                                                                                       &amp#27;[90m# WebShop.clickButtonLogin(String)&amp#27;[0m
    &amp#27;[32mThen &amp#27;[0m&amp#27;[32mI validate the "&amp#27;[0m&amp#27;[32m&amp#27;[1mLogin was unsuccessful. Please correct the errors and try again.The credentials provided are incorrect&amp#27;[0m&amp#27;[32m" displayed in login page&amp#27;[0m &amp#27;[90m# WebShop.validateErrorLogin(String)&amp#27;[0m
    &amp#27;[32mWhen &amp#27;[0m&amp#27;[32mI click the link "&amp#27;[0m&amp#27;[32m&amp#27;[1m<logout>&amp#27;[0m&amp#27;[32m" exist in top menu&amp#27;[0m                                                                                                   &amp#27;[90m# WebShop.clickLinkTop(String)&amp#27;[0m
    &amp#27;[32mThen &amp#27;[0m&amp#27;[32mI quit browser&amp#27;[0m                                                                                                                                  &amp#27;[90m# WebShop.quitbrowser()&amp#27;[0m

  @TC5
  Scenario Outline: Validate login for negative path using "Email" and "Password" and validate the "Error" message                           &amp#27;[90m# TC1.feature:83&amp#27;[0m
    &amp#27;[32mGiven &amp#27;[0m&amp#27;[32mI launch "&amp#27;[0m&amp#27;[32m&amp#27;[1mhttp://demowebshop.tricentis.com/&amp#27;[0m&amp#27;[32m"&amp#27;[0m                                                                                       &amp#27;[90m# WebShop.launchurl(String)&amp#27;[0m
    &amp#27;[32mWhen &amp#27;[0m&amp#27;[32mI click the link "&amp#27;[0m&amp#27;[32m&amp#27;[1m<link>&amp#27;[0m&amp#27;[32m" exist in top menu&amp#27;[0m                                                                                         &amp#27;[90m# WebShop.clickLinkTop(String)&amp#27;[0m
    &amp#27;[32mThen &amp#27;[0m&amp#27;[32mI validate the Label "&amp#27;[0m&amp#27;[32m&amp#27;[1m<welcome>&amp#27;[0m&amp#27;[32m" exist in login page&amp#27;[0m                                                                                &amp#27;[90m# WebShop.validateLabelLogin(String)&amp#27;[0m
    &amp#27;[32mWhen &amp#27;[0m&amp#27;[32mI enter "&amp#27;[0m&amp#27;[32m&amp#27;[1m<userID>&amp#27;[0m&amp#27;[32m" in the "&amp#27;[0m&amp#27;[32m&amp#27;[1m<username>&amp#27;[0m&amp#27;[32m" textbox in login page&amp#27;[0m                                                                        &amp#27;[90m# WebShop.enterUsernameLogin(String,String)&amp#27;[0m
    &amp#27;[32mWhen &amp#27;[0m&amp#27;[32mI enter "&amp#27;[0m&amp#27;[32m&amp#27;[1m<passwordID>&amp#27;[0m&amp#27;[32m" in the "&amp#27;[0m&amp#27;[32m&amp#27;[1m&amp#27;[0m&amp#27;[32m" textbox in login page&amp#27;[0m                                                                              &amp#27;[90m# WebShop.enterUsernameLogin(String,String)&amp#27;[0m
    &amp#27;[32mAnd &amp#27;[0m&amp#27;[32mI click the button "&amp#27;[0m&amp#27;[32m&amp#27;[1m<login>&amp#27;[0m&amp#27;[32m" in login page&amp#27;[0m                                                                                           &amp#27;[90m# WebShop.clickButtonLogin(String)&amp#27;[0m
    &amp#27;[32mThen &amp#27;[0m&amp#27;[32mI validate the "&amp#27;[0m&amp#27;[32m&amp#27;[1mLogin was unsuccessful. Please correct the errors and try again. No customer account found&amp#27;[0m&amp#27;[32m" displayed in login page&amp#27;[0m &amp#27;[90m# WebShop.validateErrorLogin(String)&amp#27;[0m
    &amp#27;[32mWhen &amp#27;[0m&amp#27;[32mI click the link "&amp#27;[0m&amp#27;[32m&amp#27;[1m<logout>&amp#27;[0m&amp#27;[32m" exist in top menu&amp#27;[0m                                                                                       &amp#27;[90m# WebShop.clickLinkTop(String)&amp#27;[0m
    &amp#27;[32mThen &amp#27;[0m&amp#27;[32mI quit browser&amp#27;[0m                                                                                                                      &amp#27;[90m# WebShop.quitbrowser()&amp#27;[0m
]]></system-out>
    <system-err><![CDATA[Starting ChromeDriver 81.0.4044.69 (6813546031a4bc83f717a2ef7cd4ac6ec1199132-refs/branch-heads/4044@{#776}) on port 34827
Only local connections are allowed.
Please protect ports used by ChromeDriver and related test frameworks to prevent access by malicious code.
Apr 29, 2020 3:04:30 PM org.openqa.selenium.remote.ProtocolHandshake createSession
INFO: Detected dialect: W3C
[1588136671.581][SEVERE]: Timed out receiving message from renderer: 0.100
[1588136671.691][SEVERE]: Timed out receiving message from renderer: 0.100
[1588136671.801][SEVERE]: Timed out receiving message from renderer: 0.100
[1588136671.902][SEVERE]: Timed out receiving message from renderer: 0.100
[1588136672.006][SEVERE]: Timed out receiving message from renderer: 0.100
[1588136672.108][SEVERE]: Timed out receiving message from renderer: 0.100
[1588136672.210][SEVERE]: Timed out receiving message from renderer: 0.100
[1588136672.313][SEVERE]: Timed out receiving message from renderer: 0.100
[1588136672.468][SEVERE]: Timed out receiving message from renderer: 0.100
[1588136672.570][SEVERE]: Timed out receiving message from renderer: 0.100
[1588136672.673][SEVERE]: Timed out receiving message from renderer: 0.100
[1588136673.254][SEVERE]: Timed out receiving message from renderer: 0.100
[1588136673.356][SEVERE]: Timed out receiving message from renderer: 0.100
[1588136673.464][SEVERE]: Timed out receiving message from renderer: 0.100
[1588136673.568][SEVERE]: Timed out receiving message from renderer: 0.100
[1588136673.669][SEVERE]: Timed out receiving message from renderer: 0.100
[1588136673.770][SEVERE]: Timed out receiving message from renderer: 0.100
[1588136673.874][SEVERE]: Timed out receiving message from renderer: 0.100
[1588136673.976][SEVERE]: Timed out receiving message from renderer: 0.100
[1588136674.080][SEVERE]: Timed out receiving message from renderer: 0.100
[1588136674.183][SEVERE]: Timed out receiving message from renderer: 0.100
[1588136674.284][SEVERE]: Timed out receiving message from renderer: 0.100
[1588136674.387][SEVERE]: Timed out receiving message from renderer: 0.100
[1588136674.489][SEVERE]: Timed out receiving message from renderer: 0.100
[1588136674.590][SEVERE]: Timed out receiving message from renderer: 0.100
[1588136674.692][SEVERE]: Timed out receiving message from renderer: 0.100
Starting ChromeDriver 81.0.4044.69 (6813546031a4bc83f717a2ef7cd4ac6ec1199132-refs/branch-heads/4044@{#776}) on port 36703
Only local connections are allowed.
Please protect ports used by ChromeDriver and related test frameworks to prevent access by malicious code.
Apr 29, 2020 3:04:41 PM org.openqa.selenium.remote.ProtocolHandshake createSession
INFO: Detected dialect: W3C
[1588136681.886][SEVERE]: Timed out receiving message from renderer: 0.100
[1588136681.987][SEVERE]: Timed out receiving message from renderer: 0.100
[1588136682.089][SEVERE]: Timed out receiving message from renderer: 0.100
[1588136682.191][SEVERE]: Timed out receiving message from renderer: 0.100
[1588136682.294][SEVERE]: Timed out receiving message from renderer: 0.100
[1588136682.397][SEVERE]: Timed out receiving message from renderer: 0.100
[1588136682.498][SEVERE]: Timed out receiving message from renderer: 0.100
[1588136682.600][SEVERE]: Timed out receiving message from renderer: 0.100
[1588136682.955][SEVERE]: Timed out receiving message from renderer: 0.100
[1588136683.056][SEVERE]: Timed out receiving message from renderer: 0.100
[1588136683.158][SEVERE]: Timed out receiving message from renderer: 0.100
[1588136683.266][SEVERE]: Timed out receiving message from renderer: 0.100
[1588136683.367][SEVERE]: Timed out receiving message from renderer: 0.100
[1588136683.469][SEVERE]: Timed out receiving message from renderer: 0.100
[1588136683.570][SEVERE]: Timed out receiving message from renderer: 0.100
[1588136683.671][SEVERE]: Timed out receiving message from renderer: 0.100
[1588136683.772][SEVERE]: Timed out receiving message from renderer: 0.100
[1588136683.875][SEVERE]: Timed out receiving message from renderer: 0.100
[1588136683.976][SEVERE]: Timed out receiving message from renderer: 0.100
[1588136684.078][SEVERE]: Timed out receiving message from renderer: 0.100
[1588136684.180][SEVERE]: Timed out receiving message from renderer: 0.100
[1588136684.281][SEVERE]: Timed out receiving message from renderer: 0.100
[1588136684.382][SEVERE]: Timed out receiving message from renderer: 0.100
[1588136684.483][SEVERE]: Timed out receiving message from renderer: 0.100
[1588136684.584][SEVERE]: Timed out receiving message from renderer: 0.100
[1588136684.685][SEVERE]: Timed out receiving message from renderer: 0.100
[1588136684.786][SEVERE]: Timed out receiving message from renderer: 0.100
[1588136684.888][SEVERE]: Timed out receiving message from renderer: 0.100
[1588136684.990][SEVERE]: Timed out receiving message from renderer: 0.100
Starting ChromeDriver 81.0.4044.69 (6813546031a4bc83f717a2ef7cd4ac6ec1199132-refs/branch-heads/4044@{#776}) on port 39404
Only local connections are allowed.
Please protect ports used by ChromeDriver and related test frameworks to prevent access by malicious code.
Apr 29, 2020 3:04:51 PM org.openqa.selenium.remote.ProtocolHandshake createSession
INFO: Detected dialect: W3C
[1588136692.554][SEVERE]: Timed out receiving message from renderer: 0.100
[1588136692.655][SEVERE]: Timed out receiving message from renderer: 0.100
[1588136692.757][SEVERE]: Timed out receiving message from renderer: 0.100
[1588136692.858][SEVERE]: Timed out receiving message from renderer: 0.100
[1588136692.964][SEVERE]: Timed out receiving message from renderer: 0.100
[1588136693.067][SEVERE]: Timed out receiving message from renderer: 0.100
[1588136693.191][SEVERE]: Timed out receiving message from renderer: 0.100
[1588136693.357][SEVERE]: Timed out receiving message from renderer: 0.100
[1588136693.460][SEVERE]: Timed out receiving message from renderer: 0.100
[1588136693.567][SEVERE]: Timed out receiving message from renderer: 0.100
[1588136693.670][SEVERE]: Timed out receiving message from renderer: 0.100
[1588136694.100][SEVERE]: Timed out receiving message from renderer: 0.100
[1588136694.202][SEVERE]: Timed out receiving message from renderer: 0.100
[1588136694.304][SEVERE]: Timed out receiving message from renderer: 0.100
[1588136694.405][SEVERE]: Timed out receiving message from renderer: 0.100
[1588136694.507][SEVERE]: Timed out receiving message from renderer: 0.100
[1588136694.611][SEVERE]: Timed out receiving message from renderer: 0.100
[1588136694.718][SEVERE]: Timed out receiving message from renderer: 0.100
[1588136694.822][SEVERE]: Timed out receiving message from renderer: 0.100
[1588136694.923][SEVERE]: Timed out receiving message from renderer: 0.100
[1588136695.024][SEVERE]: Timed out receiving message from renderer: 0.100
[1588136695.125][SEVERE]: Timed out receiving message from renderer: 0.100
Starting ChromeDriver 81.0.4044.69 (6813546031a4bc83f717a2ef7cd4ac6ec1199132-refs/branch-heads/4044@{#776}) on port 46744
Only local connections are allowed.
Please protect ports used by ChromeDriver and related test frameworks to prevent access by malicious code.
Apr 29, 2020 3:05:02 PM org.openqa.selenium.remote.ProtocolHandshake createSession
INFO: Detected dialect: W3C
[1588136703.125][SEVERE]: Timed out receiving message from renderer: 0.100
[1588136703.230][SEVERE]: Timed out receiving message from renderer: 0.100
[1588136703.340][SEVERE]: Timed out receiving message from renderer: 0.100
[1588136703.447][SEVERE]: Timed out receiving message from renderer: 0.100
[1588136703.548][SEVERE]: Timed out receiving message from renderer: 0.100
[1588136703.652][SEVERE]: Timed out receiving message from renderer: 0.100
[1588136703.753][SEVERE]: Timed out receiving message from renderer: 0.100
[1588136703.854][SEVERE]: Timed out receiving message from renderer: 0.100
[1588136703.977][SEVERE]: Timed out receiving message from renderer: 0.100
[1588136704.079][SEVERE]: Timed out receiving message from renderer: 0.100
[1588136704.469][SEVERE]: Timed out receiving message from renderer: 0.100
[1588136704.570][SEVERE]: Timed out receiving message from renderer: 0.100
[1588136704.672][SEVERE]: Timed out receiving message from renderer: 0.100
[1588136704.774][SEVERE]: Timed out receiving message from renderer: 0.100
[1588136704.875][SEVERE]: Timed out receiving message from renderer: 0.100
[1588136704.976][SEVERE]: Timed out receiving message from renderer: 0.100
[1588136705.079][SEVERE]: Timed out receiving message from renderer: 0.100
[1588136705.180][SEVERE]: Timed out receiving message from renderer: 0.100
[1588136705.281][SEVERE]: Timed out receiving message from renderer: 0.100
[1588136705.383][SEVERE]: Timed out receiving message from renderer: 0.100
[1588136705.484][SEVERE]: Timed out receiving message from renderer: 0.100
[1588136705.585][SEVERE]: Timed out receiving message from renderer: 0.100
[1588136705.689][SEVERE]: Timed out receiving message from renderer: 0.100
[1588136705.790][SEVERE]: Timed out receiving message from renderer: 0.100
[1588136705.894][SEVERE]: Timed out receiving message from renderer: 0.100
[1588136705.997][SEVERE]: Timed out receiving message from renderer: 0.100
[1588136706.098][SEVERE]: Timed out receiving message from renderer: 0.100
[1588136706.201][SEVERE]: Timed out receiving message from renderer: 0.100
Starting ChromeDriver 81.0.4044.69 (6813546031a4bc83f717a2ef7cd4ac6ec1199132-refs/branch-heads/4044@{#776}) on port 40791
Only local connections are allowed.
Please protect ports used by ChromeDriver and related test frameworks to prevent access by malicious code.
Apr 29, 2020 3:05:14 PM org.openqa.selenium.remote.ProtocolHandshake createSession
INFO: Detected dialect: W3C
[1588136715.191][SEVERE]: Timed out receiving message from renderer: 0.100
[1588136715.292][SEVERE]: Timed out receiving message from renderer: 0.100
[1588136715.393][SEVERE]: Timed out receiving message from renderer: 0.100
[1588136715.494][SEVERE]: Timed out receiving message from renderer: 0.100
[1588136715.597][SEVERE]: Timed out receiving message from renderer: 0.100
[1588136715.698][SEVERE]: Timed out receiving message from renderer: 0.100
[1588136715.800][SEVERE]: Timed out receiving message from renderer: 0.100
[1588136715.903][SEVERE]: Timed out receiving message from renderer: 0.100
[1588136716.005][SEVERE]: Timed out receiving message from renderer: 0.100
[1588136716.106][SEVERE]: Timed out receiving message from renderer: 0.100
[1588136716.208][SEVERE]: Timed out receiving message from renderer: 0.100
[1588136716.342][SEVERE]: Timed out receiving message from renderer: 0.100
[1588136716.443][SEVERE]: Timed out receiving message from renderer: 0.100
[1588136716.574][SEVERE]: Timed out receiving message from renderer: 0.100
[1588136716.676][SEVERE]: Timed out receiving message from renderer: 0.100
[1588136716.779][SEVERE]: Timed out receiving message from renderer: 0.100
[1588136716.881][SEVERE]: Timed out receiving message from renderer: 0.100
[1588136716.983][SEVERE]: Timed out receiving message from renderer: 0.100
[1588136717.946][SEVERE]: Timed out receiving message from renderer: 0.100
[1588136718.047][SEVERE]: Timed out receiving message from renderer: 0.100
[1588136718.151][SEVERE]: Timed out receiving message from renderer: 0.100
[1588136718.280][SEVERE]: Timed out receiving message from renderer: 0.100
[1588136718.383][SEVERE]: Timed out receiving message from renderer: 0.100
[1588136718.487][SEVERE]: Timed out receiving message from renderer: 0.100
[1588136718.588][SEVERE]: Timed out receiving message from renderer: 0.100
[1588136718.689][SEVERE]: Timed out receiving message from renderer: 0.100
[1588136718.790][SEVERE]: Timed out receiving message from renderer: 0.100
[1588136718.896][SEVERE]: Timed out receiving message from renderer: 0.100
Starting ChromeDriver 81.0.4044.69 (6813546031a4bc83f717a2ef7cd4ac6ec1199132-refs/branch-heads/4044@{#776}) on port 15089
Only local connections are allowed.
Please protect ports used by ChromeDriver and related test frameworks to prevent access by malicious code.
Apr 29, 2020 3:05:28 PM org.openqa.selenium.remote.ProtocolHandshake createSession
INFO: Detected dialect: W3C
[1588136730.132][SEVERE]: Timed out receiving message from renderer: 0.100
[1588136730.233][SEVERE]: Timed out receiving message from renderer: 0.100
[1588136730.336][SEVERE]: Timed out receiving message from renderer: 0.100
[1588136730.437][SEVERE]: Timed out receiving message from renderer: 0.100
[1588136730.539][SEVERE]: Timed out receiving message from renderer: 0.100
[1588136730.640][SEVERE]: Timed out receiving message from renderer: 0.100
[1588136730.742][SEVERE]: Timed out receiving message from renderer: 0.100
[1588136730.844][SEVERE]: Timed out receiving message from renderer: 0.100
[1588136731.030][SEVERE]: Timed out receiving message from renderer: 0.100
[1588136731.132][SEVERE]: Timed out receiving message from renderer: 0.100
[1588136731.233][SEVERE]: Timed out receiving message from renderer: 0.100
[1588136731.334][SEVERE]: Timed out receiving message from renderer: 0.100
[1588136731.840][SEVERE]: Timed out receiving message from renderer: 0.100
[1588136731.941][SEVERE]: Timed out receiving message from renderer: 0.100
[1588136732.045][SEVERE]: Timed out receiving message from renderer: 0.100
[1588136732.147][SEVERE]: Timed out receiving message from renderer: 0.100
[1588136732.248][SEVERE]: Timed out receiving message from renderer: 0.100
[1588136732.349][SEVERE]: Timed out receiving message from renderer: 0.100
[1588136732.451][SEVERE]: Timed out receiving message from renderer: 0.100
[1588136732.552][SEVERE]: Timed out receiving message from renderer: 0.100
[1588136732.653][SEVERE]: Timed out receiving message from renderer: 0.100
[1588136732.755][SEVERE]: Timed out receiving message from renderer: 0.100
[1588136732.857][SEVERE]: Timed out receiving message from renderer: 0.100
[1588136732.958][SEVERE]: Timed out receiving message from renderer: 0.100
[1588136733.059][SEVERE]: Timed out receiving message from renderer: 0.100
Starting ChromeDriver 81.0.4044.69 (6813546031a4bc83f717a2ef7cd4ac6ec1199132-refs/branch-heads/4044@{#776}) on port 39078
Only local connections are allowed.
Please protect ports used by ChromeDriver and related test frameworks to prevent access by malicious code.
Apr 29, 2020 3:05:41 PM org.openqa.selenium.remote.ProtocolHandshake createSession
INFO: Detected dialect: W3C
[1588136742.325][SEVERE]: Timed out receiving message from renderer: 0.100
[1588136742.426][SEVERE]: Timed out receiving message from renderer: 0.100
[1588136742.527][SEVERE]: Timed out receiving message from renderer: 0.100
[1588136742.629][SEVERE]: Timed out receiving message from renderer: 0.100
[1588136742.732][SEVERE]: Timed out receiving message from renderer: 0.100
[1588136742.836][SEVERE]: Timed out receiving message from renderer: 0.100
[1588136742.938][SEVERE]: Timed out receiving message from renderer: 0.100
[1588136743.039][SEVERE]: Timed out receiving message from renderer: 0.100
[1588136743.140][SEVERE]: Timed out receiving message from renderer: 0.100
[1588136743.327][SEVERE]: Timed out receiving message from renderer: 0.100
[1588136743.428][SEVERE]: Timed out receiving message from renderer: 0.100
[1588136743.903][SEVERE]: Timed out receiving message from renderer: 0.100
[1588136744.005][SEVERE]: Timed out receiving message from renderer: 0.100
[1588136744.107][SEVERE]: Timed out receiving message from renderer: 0.100
[1588136744.224][SEVERE]: Timed out receiving message from renderer: 0.100
[1588136744.325][SEVERE]: Timed out receiving message from renderer: 0.100
[1588136744.428][SEVERE]: Timed out receiving message from renderer: 0.100
[1588136744.539][SEVERE]: Timed out receiving message from renderer: 0.100
[1588136744.641][SEVERE]: Timed out receiving message from renderer: 0.100
[1588136744.742][SEVERE]: Timed out receiving message from renderer: 0.100
[1588136744.844][SEVERE]: Timed out receiving message from renderer: 0.100
[1588136744.947][SEVERE]: Timed out receiving message from renderer: 0.100
[1588136745.048][SEVERE]: Timed out receiving message from renderer: 0.100
[1588136745.150][SEVERE]: Timed out receiving message from renderer: 0.100
[1588136745.251][SEVERE]: Timed out receiving message from renderer: 0.100
[1588136745.352][SEVERE]: Timed out receiving message from renderer: 0.100
[1588136745.454][SEVERE]: Timed out receiving message from renderer: 0.100
[1588136745.554][SEVERE]: Timed out receiving message from renderer: 0.100
[1588136748.443][SEVERE]: Timed out receiving message from renderer: 0.100
Starting ChromeDriver 81.0.4044.69 (6813546031a4bc83f717a2ef7cd4ac6ec1199132-refs/branch-heads/4044@{#776}) on port 39756
Only local connections are allowed.
Please protect ports used by ChromeDriver and related test frameworks to prevent access by malicious code.
Apr 29, 2020 3:05:53 PM org.openqa.selenium.remote.ProtocolHandshake createSession
INFO: Detected dialect: W3C
[1588136754.385][SEVERE]: Timed out receiving message from renderer: 0.100
[1588136754.486][SEVERE]: Timed out receiving message from renderer: 0.100
[1588136754.587][SEVERE]: Timed out receiving message from renderer: 0.100
[1588136754.688][SEVERE]: Timed out receiving message from renderer: 0.100
[1588136754.789][SEVERE]: Timed out receiving message from renderer: 0.100
[1588136754.889][SEVERE]: Timed out receiving message from renderer: 0.100
[1588136754.991][SEVERE]: Timed out receiving message from renderer: 0.100
[1588136755.093][SEVERE]: Timed out receiving message from renderer: 0.100
[1588136755.195][SEVERE]: Timed out receiving message from renderer: 0.100
[1588136755.297][SEVERE]: Timed out receiving message from renderer: 0.100
[1588136755.406][SEVERE]: Timed out receiving message from renderer: 0.100
[1588136755.506][SEVERE]: Timed out receiving message from renderer: 0.100
[1588136755.608][SEVERE]: Timed out receiving message from renderer: 0.100
[1588136755.709][SEVERE]: Timed out receiving message from renderer: 0.100
[1588136755.810][SEVERE]: Timed out receiving message from renderer: 0.100
[1588136756.392][SEVERE]: Timed out receiving message from renderer: 0.100
[1588136756.495][SEVERE]: Timed out receiving message from renderer: 0.100
[1588136756.599][SEVERE]: Timed out receiving message from renderer: 0.100
[1588136756.700][SEVERE]: Timed out receiving message from renderer: 0.100
[1588136756.802][SEVERE]: Timed out receiving message from renderer: 0.100
[1588136756.902][SEVERE]: Timed out receiving message from renderer: 0.100
[1588136757.005][SEVERE]: Timed out receiving message from renderer: 0.100
[1588136757.106][SEVERE]: Timed out receiving message from renderer: 0.100
[1588136757.207][SEVERE]: Timed out receiving message from renderer: 0.100
[1588136757.313][SEVERE]: Timed out receiving message from renderer: 0.100
[1588136757.414][SEVERE]: Timed out receiving message from renderer: 0.100
[1588136757.515][SEVERE]: Timed out receiving message from renderer: 0.100
[1588136757.617][SEVERE]: Timed out receiving message from renderer: 0.100
[1588136757.720][SEVERE]: Timed out receiving message from renderer: 0.100
[1588136757.822][SEVERE]: Timed out receiving message from renderer: 0.100
Starting ChromeDriver 81.0.4044.69 (6813546031a4bc83f717a2ef7cd4ac6ec1199132-refs/branch-heads/4044@{#776}) on port 18073
Only local connections are allowed.
Please protect ports used by ChromeDriver and related test frameworks to prevent access by malicious code.
Apr 29, 2020 3:06:05 PM org.openqa.selenium.remote.ProtocolHandshake createSession
INFO: Detected dialect: W3C
[1588136766.175][SEVERE]: Timed out receiving message from renderer: 0.100
[1588136766.277][SEVERE]: Timed out receiving message from renderer: 0.100
[1588136766.380][SEVERE]: Timed out receiving message from renderer: 0.100
[1588136766.482][SEVERE]: Timed out receiving message from renderer: 0.100
[1588136766.583][SEVERE]: Timed out receiving message from renderer: 0.100
[1588136766.684][SEVERE]: Timed out receiving message from renderer: 0.100
[1588136766.785][SEVERE]: Timed out receiving message from renderer: 0.100
[1588136766.886][SEVERE]: Timed out receiving message from renderer: 0.100
[1588136766.993][SEVERE]: Timed out receiving message from renderer: 0.100
[1588136767.095][SEVERE]: Timed out receiving message from renderer: 0.100
[1588136767.244][SEVERE]: Timed out receiving message from renderer: 0.100
[1588136767.345][SEVERE]: Timed out receiving message from renderer: 0.100
[1588136767.835][SEVERE]: Timed out receiving message from renderer: 0.100
[1588136767.937][SEVERE]: Timed out receiving message from renderer: 0.100
[1588136768.051][SEVERE]: Timed out receiving message from renderer: 0.100
[1588136768.153][SEVERE]: Timed out receiving message from renderer: 0.100
[1588136768.254][SEVERE]: Timed out receiving message from renderer: 0.100
[1588136768.356][SEVERE]: Timed out receiving message from renderer: 0.100
[1588136768.458][SEVERE]: Timed out receiving message from renderer: 0.100
[1588136768.559][SEVERE]: Timed out receiving message from renderer: 0.100
[1588136768.661][SEVERE]: Timed out receiving message from renderer: 0.100
[1588136768.765][SEVERE]: Timed out receiving message from renderer: 0.100
[1588136768.866][SEVERE]: Timed out receiving message from renderer: 0.100
[1588136768.968][SEVERE]: Timed out receiving message from renderer: 0.100
[1588136769.069][SEVERE]: Timed out receiving message from renderer: 0.100
[1588136769.171][SEVERE]: Timed out receiving message from renderer: 0.100
[1588136769.272][SEVERE]: Timed out receiving message from renderer: 0.100
[1588136769.373][SEVERE]: Timed out receiving message from renderer: 0.100
[1588136769.474][SEVERE]: Timed out receiving message from renderer: 0.100
[1588136769.575][SEVERE]: Timed out receiving message from renderer: 0.100
[1588136769.677][SEVERE]: Timed out receiving message from renderer: 0.100
[1588136769.780][SEVERE]: Timed out receiving message from renderer: 0.100
[1588136769.881][SEVERE]: Timed out receiving message from renderer: 0.100
[1588136769.982][SEVERE]: Timed out receiving message from renderer: 0.100
[1588136770.084][SEVERE]: Timed out receiving message from renderer: 0.100
Starting ChromeDriver 81.0.4044.69 (6813546031a4bc83f717a2ef7cd4ac6ec1199132-refs/branch-heads/4044@{#776}) on port 29521
Only local connections are allowed.
Please protect ports used by ChromeDriver and related test frameworks to prevent access by malicious code.
Apr 29, 2020 3:06:16 PM org.openqa.selenium.remote.ProtocolHandshake createSession
INFO: Detected dialect: W3C
[1588136777.126][SEVERE]: Timed out receiving message from renderer: 0.100
[1588136777.570][SEVERE]: Timed out receiving message from renderer: 0.100
[1588136777.671][SEVERE]: Timed out receiving message from renderer: 0.100
[1588136777.772][SEVERE]: Timed out receiving message from renderer: 0.100
[1588136777.873][SEVERE]: Timed out receiving message from renderer: 0.100
[1588136777.975][SEVERE]: Timed out receiving message from renderer: 0.100
[1588136778.080][SEVERE]: Timed out receiving message from renderer: 0.100
[1588136778.181][SEVERE]: Timed out receiving message from renderer: 0.100
[1588136778.288][SEVERE]: Timed out receiving message from renderer: 0.100
[1588136778.389][SEVERE]: Timed out receiving message from renderer: 0.100
[1588136778.492][SEVERE]: Timed out receiving message from renderer: 0.100
[1588136779.009][SEVERE]: Timed out receiving message from renderer: 0.100
[1588136779.110][SEVERE]: Timed out receiving message from renderer: 0.100
[1588136779.218][SEVERE]: Timed out receiving message from renderer: 0.100
[1588136779.320][SEVERE]: Timed out receiving message from renderer: 0.100
[1588136779.421][SEVERE]: Timed out receiving message from renderer: 0.100
[1588136779.522][SEVERE]: Timed out receiving message from renderer: 0.100
[1588136779.624][SEVERE]: Timed out receiving message from renderer: 0.100
[1588136779.725][SEVERE]: Timed out receiving message from renderer: 0.100
[1588136779.827][SEVERE]: Timed out receiving message from renderer: 0.100
[1588136779.939][SEVERE]: Timed out receiving message from renderer: 0.100
[1588136780.043][SEVERE]: Timed out receiving message from renderer: 0.100
[1588136780.149][SEVERE]: Timed out receiving message from renderer: 0.100
[1588136780.253][SEVERE]: Timed out receiving message from renderer: 0.100
[1588136780.354][SEVERE]: Timed out receiving message from renderer: 0.100
[1588136780.456][SEVERE]: Timed out receiving message from renderer: 0.100
Starting ChromeDriver 81.0.4044.69 (6813546031a4bc83f717a2ef7cd4ac6ec1199132-refs/branch-heads/4044@{#776}) on port 27487
Only local connections are allowed.
Please protect ports used by ChromeDriver and related test frameworks to prevent access by malicious code.
Apr 29, 2020 3:06:27 PM org.openqa.selenium.remote.ProtocolHandshake createSession
INFO: Detected dialect: W3C
[1588136788.419][SEVERE]: Timed out receiving message from renderer: 0.100
[1588136788.520][SEVERE]: Timed out receiving message from renderer: 0.100
[1588136788.622][SEVERE]: Timed out receiving message from renderer: 0.100
[1588136788.723][SEVERE]: Timed out receiving message from renderer: 0.100
[1588136788.824][SEVERE]: Timed out receiving message from renderer: 0.100
[1588136788.925][SEVERE]: Timed out receiving message from renderer: 0.100
[1588136789.026][SEVERE]: Timed out receiving message from renderer: 0.100
[1588136789.128][SEVERE]: Timed out receiving message from renderer: 0.100
[1588136789.230][SEVERE]: Timed out receiving message from renderer: 0.100
[1588136789.374][SEVERE]: Timed out receiving message from renderer: 0.100
[1588136789.475][SEVERE]: Timed out receiving message from renderer: 0.100
[1588136789.579][SEVERE]: Timed out receiving message from renderer: 0.100
[1588136790.070][SEVERE]: Timed out receiving message from renderer: 0.100
[1588136790.173][SEVERE]: Timed out receiving message from renderer: 0.100
[1588136790.279][SEVERE]: Timed out receiving message from renderer: 0.100
[1588136790.384][SEVERE]: Timed out receiving message from renderer: 0.100
[1588136790.486][SEVERE]: Timed out receiving message from renderer: 0.100
[1588136790.588][SEVERE]: Timed out receiving message from renderer: 0.100
[1588136790.692][SEVERE]: Timed out receiving message from renderer: 0.100
[1588136790.793][SEVERE]: Timed out receiving message from renderer: 0.100
[1588136790.894][SEVERE]: Timed out receiving message from renderer: 0.100
[1588136791.005][SEVERE]: Timed out receiving message from renderer: 0.100
[1588136791.106][SEVERE]: Timed out receiving message from renderer: 0.100
[1588136791.207][SEVERE]: Timed out receiving message from renderer: 0.100
[1588136791.309][SEVERE]: Timed out receiving message from renderer: 0.100
[1588136791.411][SEVERE]: Timed out receiving message from renderer: 0.100
[1588136791.513][SEVERE]: Timed out receiving message from renderer: 0.100
[1588136791.615][SEVERE]: Timed out receiving message from renderer: 0.100
[1588136791.719][SEVERE]: Timed out receiving message from renderer: 0.100
[1588136791.820][SEVERE]: Timed out receiving message from renderer: 0.100
[1588136791.922][SEVERE]: Timed out receiving message from renderer: 0.100
Starting ChromeDriver 81.0.4044.69 (6813546031a4bc83f717a2ef7cd4ac6ec1199132-refs/branch-heads/4044@{#776}) on port 19900
Only local connections are allowed.
Please protect ports used by ChromeDriver and related test frameworks to prevent access by malicious code.
Apr 29, 2020 3:06:38 PM org.openqa.selenium.remote.ProtocolHandshake createSession
INFO: Detected dialect: W3C
[1588136799.093][SEVERE]: Timed out receiving message from renderer: 0.100
[1588136799.195][SEVERE]: Timed out receiving message from renderer: 0.100
[1588136799.301][SEVERE]: Timed out receiving message from renderer: 0.100
[1588136799.402][SEVERE]: Timed out receiving message from renderer: 0.100
[1588136799.506][SEVERE]: Timed out receiving message from renderer: 0.100
[1588136799.612][SEVERE]: Timed out receiving message from renderer: 0.100
[1588136799.713][SEVERE]: Timed out receiving message from renderer: 0.100
[1588136799.895][SEVERE]: Timed out receiving message from renderer: 0.100
[1588136799.997][SEVERE]: Timed out receiving message from renderer: 0.100
[1588136800.349][SEVERE]: Timed out receiving message from renderer: 0.100
[1588136800.468][SEVERE]: Timed out receiving message from renderer: 0.100
[1588136800.588][SEVERE]: Timed out receiving message from renderer: 0.100
[1588136800.689][SEVERE]: Timed out receiving message from renderer: 0.100
[1588136800.802][SEVERE]: Timed out receiving message from renderer: 0.100
[1588136800.908][SEVERE]: Timed out receiving message from renderer: 0.100
[1588136801.011][SEVERE]: Timed out receiving message from renderer: 0.100
[1588136801.113][SEVERE]: Timed out receiving message from renderer: 0.100
[1588136801.216][SEVERE]: Timed out receiving message from renderer: 0.100
[1588136801.322][SEVERE]: Timed out receiving message from renderer: 0.100
[1588136801.425][SEVERE]: Timed out receiving message from renderer: 0.100
[1588136801.526][SEVERE]: Timed out receiving message from renderer: 0.100
[1588136801.629][SEVERE]: Timed out receiving message from renderer: 0.100
[1588136801.735][SEVERE]: Timed out receiving message from renderer: 0.100
[1588136801.836][SEVERE]: Timed out receiving message from renderer: 0.100
[1588136801.938][SEVERE]: Timed out receiving message from renderer: 0.100
[1588136802.039][SEVERE]: Timed out receiving message from renderer: 0.100
[1588136802.143][SEVERE]: Timed out receiving message from renderer: 0.100
[1588136802.244][SEVERE]: Timed out receiving message from renderer: 0.100
[1588136802.346][SEVERE]: Timed out receiving message from renderer: 0.100
[1588136802.447][SEVERE]: Timed out receiving message from renderer: 0.100
Starting ChromeDriver 81.0.4044.69 (6813546031a4bc83f717a2ef7cd4ac6ec1199132-refs/branch-heads/4044@{#776}) on port 44530
Only local connections are allowed.
Please protect ports used by ChromeDriver and related test frameworks to prevent access by malicious code.
Apr 29, 2020 3:06:49 PM org.openqa.selenium.remote.ProtocolHandshake createSession
INFO: Detected dialect: W3C
[1588136810.350][SEVERE]: Timed out receiving message from renderer: 0.100
[1588136810.451][SEVERE]: Timed out receiving message from renderer: 0.100
[1588136810.553][SEVERE]: Timed out receiving message from renderer: 0.100
[1588136810.655][SEVERE]: Timed out receiving message from renderer: 0.100
[1588136810.756][SEVERE]: Timed out receiving message from renderer: 0.100
[1588136810.939][SEVERE]: Timed out receiving message from renderer: 0.100
[1588136811.041][SEVERE]: Timed out receiving message from renderer: 0.100
[1588136811.142][SEVERE]: Timed out receiving message from renderer: 0.100
[1588136811.244][SEVERE]: Timed out receiving message from renderer: 0.100
[1588136811.346][SEVERE]: Timed out receiving message from renderer: 0.100
[1588136811.621][SEVERE]: Timed out receiving message from renderer: 0.100
[1588136811.722][SEVERE]: Timed out receiving message from renderer: 0.100
[1588136811.837][SEVERE]: Timed out receiving message from renderer: 0.100
[1588136811.939][SEVERE]: Timed out receiving message from renderer: 0.100
[1588136812.041][SEVERE]: Timed out receiving message from renderer: 0.100
[1588136812.142][SEVERE]: Timed out receiving message from renderer: 0.100
[1588136812.243][SEVERE]: Timed out receiving message from renderer: 0.100
[1588136812.344][SEVERE]: Timed out receiving message from renderer: 0.100
[1588136812.446][SEVERE]: Timed out receiving message from renderer: 0.100
[1588136812.547][SEVERE]: Timed out receiving message from renderer: 0.100
[1588136812.648][SEVERE]: Timed out receiving message from renderer: 0.100
[1588136812.750][SEVERE]: Timed out receiving message from renderer: 0.100
[1588136812.851][SEVERE]: Timed out receiving message from renderer: 0.100
[1588136812.951][SEVERE]: Timed out receiving message from renderer: 0.100
[1588136813.052][SEVERE]: Timed out receiving message from renderer: 0.100
[1588136813.154][SEVERE]: Timed out receiving message from renderer: 0.100
[1588136813.255][SEVERE]: Timed out receiving message from renderer: 0.100
]]></system-err>
  </testcase>
</testsuite>