<?xml version="1.0" encoding="UTF-8"?>
<testng-results skipped="0" failed="0" ignored="0" total="1" passed="1">
  <reporter-output>
  </reporter-output>
  <suite name="Suite" duration-ms="159267" started-at="2020-05-04T06:18:51Z" finished-at="2020-05-04T06:21:31Z">
    <groups>
      <group name="cucumber">
        <method signature="AbstractTestNGCucumberTests.feature(cucumber.api.testng.CucumberFeatureWrapper)[pri:0, instance:Runner.TestRunner@5d624da6]" name="feature" class="cucumber.api.testng.AbstractTestNGCucumberTests"/>
      </group> <!-- cucumber -->
    </groups>
    <test name="Test" duration-ms="159267" started-at="2020-05-04T06:18:51Z" finished-at="2020-05-04T06:21:31Z">
      <class name="Runner.TestRunner">
        <test-method status="PASS" signature="setUpClass()[pri:0, instance:Runner.TestRunner@5d624da6]" name="setUpClass" is-config="true" duration-ms="348" started-at="2020-05-04T06:18:51Z" finished-at="2020-05-04T06:18:52Z">
          <reporter-output>
          </reporter-output>
        </test-method> <!-- setUpClass -->
        <test-method status="PASS" signature="feature(cucumber.api.testng.CucumberFeatureWrapper)[pri:0, instance:Runner.TestRunner@5d624da6]" name="feature" duration-ms="158696" started-at="2020-05-04T06:18:52Z" description="Runs Cucumber Feature" data-provider="features" finished-at="2020-05-04T06:21:31Z">
          <params>
            <param index="0">
              <value>
                <![CDATA[HomePage validation.]]>
              </value>
            </param>
          </params>
          <reporter-output>
          </reporter-output>
        </test-method> <!-- feature -->
        <test-method status="PASS" signature="tearDownClass()[pri:0, instance:Runner.TestRunner@5d624da6]" name="tearDownClass" is-config="true" duration-ms="48" started-at="2020-05-04T06:21:31Z" finished-at="2020-05-04T06:21:31Z">
          <reporter-output>
          </reporter-output>
        </test-method> <!-- tearDownClass -->
      </class> <!-- Runner.TestRunner -->
    </test> <!-- Test -->
  </suite> <!-- Suite -->
</testng-results>
